<?xml version="1.0" encoding="UTF-8"?>
<!-- Generated by org.testng.reporters.JUnitReportReporter -->
<testsuite hostname="DESKTOP-TQM5NJC" failures="0" tests="2" name="qaclcikacademy.RestAPiTest" time="0.001" errors="0" timestamp="2021-09-23T07:47:35 PDT" skipped="0">
  <testcase classname="qaclcikacademy.RestAPiTest" name="DeleteTwitter" time="0.001"/>
  <system-out/>
  <testcase classname="qaclcikacademy.RestAPiTest" name="PostJira" time="0.000"/>
  <system-out/>
</testsuite> <!-- qaclcikacademy.RestAPiTest -->
