<?xml version="1.0" encoding="UTF-8"?>
<!-- Generated by org.testng.reporters.JUnitReportReporter -->
<testsuite hostname="DESKTOP-TQM5NJC" failures="0" tests="2" name="qaclcikacademy.AppiumTest" time="0.011" errors="0" timestamp="2021-09-23T07:47:35 PDT" skipped="0">
  <testcase classname="qaclcikacademy.AppiumTest" name="NativeAppAndroid" time="0.001"/>
  <system-out/>
  <testcase classname="qaclcikacademy.AppiumTest" name="IOSAppAndroid" time="0.010"/>
  <system-out/>
</testsuite> <!-- qaclcikacademy.AppiumTest -->
