<?xml version="1.0" encoding="UTF-8"?>
<!-- Generated by org.testng.reporters.JUnitReportReporter -->
<testsuite hostname="DESKTOP-TQM5NJC" failures="0" tests="2" name="qaclcikacademy.SeleniumTest" time="0.002" errors="0" timestamp="2021-09-23T07:47:35 PDT" skipped="0">
  <testcase classname="qaclcikacademy.SeleniumTest" name="elementsUI" time="0.001"/>
  <system-out/>
  <testcase classname="qaclcikacademy.SeleniumTest" name="BrowserAutomation" time="0.001"/>
  <system-out/>
</testsuite> <!-- qaclcikacademy.SeleniumTest -->
